Drill Listing
=============
Drill: .01575  Tool: 1  Feed: 95  Speed: 300
X 172047  Y 120078
X 188188  Y 120078
X 222047  Y 120472
X 172834  Y 125984
X 260236  Y 340551
X 275984  Y 340157
X 245669  Y 326377
X 245669  Y 320472
X 264566  Y 318897
X 270472  Y 317716
X 241338  Y 317322
X 270472  Y 282677
X 244094  Y 279527
X 266929  Y 279133
X 253149  Y 276771
X 270472  Y 271653
X 257086  Y 271259
X 257086  Y 256299
X 270472  Y 255905
X 276855  Y 247336
X 240452  Y 144464
X 245633  Y 133374
X 253842  Y 132700
X 265354  Y 123228
X 242125  Y 113385
X 259448  Y 112992
X 315748  Y 124803
X 301955  Y 131707
X 303973  Y 150547
X 308267  Y 150787
X 312781  Y 151352
X 302205  Y 156685
X 289522  Y 157255
X 313385  Y 162992
X 313060  Y 168799
X 289370  Y 168897
X 298215  Y 172291
X 324409  Y 179921
X 326377  Y 198425
X 318503  Y 202362
X 322440  Y 204330
X 303149  Y 212204
X 297244  Y 212992
X 318503  Y 215748
X 310054  Y 218715
X 312992  Y 223622
X 323622  Y 225590
X 309448  Y 226771
X 314464  Y 233172
X 323594  Y 235460
X 311998  Y 236565
X 281102  Y 237007
X 318721  Y 237426
X 307855  Y 237795
X 324803  Y 246850
X 305118  Y 248031
X 320472  Y 248031
X 289370  Y 250000
X 300000  Y 251574
X 326377  Y 261811
X 281889  Y 278740
X 302936  Y 319922
X 325590  Y 321653
X 325590  Y 327952
X 348818  Y 240944
X 356692  Y 237007
X 329921  Y 231496
X 329527  Y 227165
X 341338  Y 227165
X 341338  Y 219291
X 357086  Y 218897
X 330314  Y 217716
X 335039  Y 208661
X 350393  Y 208267
X 330708  Y 200787
X 345669  Y 200393
X 353149  Y 193700
X 400000  Y 105118
X 380314  Y 105118
X 390157  Y 105118
X 400393  Y 136614
X 390551  Y 139370
X 380314  Y 139370

Drill: .02362  Tool: 2  Feed: 197  Speed: 550
X 205668  Y 135585
X 180314  Y 142519
X 189852  Y 142864
X 137795  Y 158267
X 250393  Y 349212
X 299212  Y 348031
X 254830  Y 155556
X 279890  Y 155556
X 254755  Y 144444
X 279890  Y 144444
X 295669  Y 135039
X 235745  Y 131495
X 329878  Y 134222
X 312204  Y 135433
X 329878  Y 159431
X 340991  Y 159431
X 345275  Y 180314
X 321653  Y 271259
X 303543  Y 272047

Drill: .035  Tool: 3  Feed: 197  Speed: 550
X 192125  Y 107874
X 202125  Y 107874
X 212125  Y 107874
X 222125  Y 107874
X 251574  Y 223425
X 261574  Y 223425
X 251574  Y 213425
X 261574  Y 213425
X 261574  Y 203425
X 251574  Y 203425
X 261574  Y 193425
X 251574  Y 193425
X 338188  Y 111811
X 348188  Y 111811
X 358188  Y 111811
X 368188  Y 111811
X 442519  Y 380551
X 442519  Y 370551
X 442519  Y 360551
X 442519  Y 350551
X 442519  Y 340551
X 442519  Y 330551
X 442519  Y 320551
X 442519  Y 310551
X 442519  Y 300551
X 442519  Y 290551
X 442519  Y 280551
X 442519  Y 270551
X 442519  Y 260551
X 442519  Y 250551
X 442519  Y 240551
X 442519  Y 230551
X 442519  Y 220551
X 442519  Y 210551
X 442519  Y 200551
X 442519  Y 190551
X 452519  Y 190551
X 452519  Y 200551
X 452519  Y 210551
X 452519  Y 220551
X 452519  Y 230551
X 452519  Y 240551
X 452519  Y 250551
X 452519  Y 260551
X 452519  Y 270551
X 452519  Y 280551
X 452519  Y 290551
X 452519  Y 300551
X 452519  Y 310551
X 452519  Y 320551
X 452519  Y 330551
X 452519  Y 340551
X 452519  Y 350551
X 452519  Y 360551
X 452519  Y 370551
X 452519  Y 380551

Drill: .037  Tool: 4  Feed: 197  Speed: 550
X 283267  Y 386811
X 283110  Y 415748
X 343110  Y 415748
X 343267  Y 386811

Drill: .03937  Tool: 5  Feed: 197  Speed: 550
X 127559  Y 375590
X 157086  Y 385433
X 127559  Y 407086
X 127559  Y 426771

Drill: .04724  Tool: 6  Feed: 139  Speed: 550
X 127362  Y 196850
X 158858  Y 196850
X 127362  Y 348425
X 169685  Y 348425

Drill: .05512  Tool: 7  Feed: 107  Speed: 550
X 218110  Y 452362
X 159055  Y 454330
X 218110  Y 472362
X 159055  Y 474330

End of Listing
